{"/home/fernanda/Desktop/SAP003-md-links/lib/index.js": {"path":"/home/fernanda/Desktop/SAP003-md-links/lib/index.js","statementMap":{"0":{"start":{"line":1,"column":11},"end":{"line":1,"column":24}},"1":{"start":{"line":3,"column":0},"end":{"line":21,"column":2}},"2":{"start":{"line":4,"column":2},"end":{"line":20,"column":5}},"3":{"start":{"line":5,"column":4},"end":{"line":19,"column":7}},"4":{"start":{"line":6,"column":6},"end":{"line":18,"column":7}},"5":{"start":{"line":7,"column":8},"end":{"line":7,"column":38}},"6":{"start":{"line":9,"column":22},"end":{"line":9,"column":65}},"7":{"start":{"line":10,"column":27},"end":{"line":10,"column":29}},"8":{"start":{"line":11,"column":24},"end":{"line":11,"column":41}},"9":{"start":{"line":12,"column":8},"end":{"line":17,"column":11}},"10":{"start":{"line":13,"column":23},"end":{"line":13,"column":48}},"11":{"start":{"line":14,"column":23},"end":{"line":14,"column":50}},"12":{"start":{"line":15,"column":10},"end":{"line":15,"column":40}},"13":{"start":{"line":16,"column":10},"end":{"line":16,"column":30}}},"fnMap":{"0":{"name":"(anonymous_0)","decl":{"start":{"line":3,"column":17},"end":{"line":3,"column":18}},"loc":{"start":{"line":3,"column":27},"end":{"line":21,"column":1}},"line":3},"1":{"name":"(anonymous_1)","decl":{"start":{"line":4,"column":21},"end":{"line":4,"column":22}},"loc":{"start":{"line":4,"column":42},"end":{"line":20,"column":3}},"line":4},"2":{"name":"(anonymous_2)","decl":{"start":{"line":5,"column":31},"end":{"line":5,"column":32}},"loc":{"start":{"line":5,"column":46},"end":{"line":19,"column":5}},"line":5},"3":{"name":"(anonymous_3)","decl":{"start":{"line":12,"column":24},"end":{"line":12,"column":25}},"loc":{"start":{"line":12,"column":32},"end":{"line":17,"column":9}},"line":12}},"branchMap":{"0":{"loc":{"start":{"line":6,"column":6},"end":{"line":18,"column":7}},"type":"if","locations":[{"start":{"line":6,"column":6},"end":{"line":18,"column":7}},{"start":{"line":6,"column":6},"end":{"line":18,"column":7}}],"line":6}},"s":{"0":1,"1":1,"2":2,"3":2,"4":2,"5":1,"6":1,"7":1,"8":1,"9":1,"10":1,"11":1,"12":1,"13":1},"f":{"0":2,"1":2,"2":2,"3":1},"b":{"0":[1,1]},"_coverageSchema":"43e27e138ebf9cfc5966b082cf9a028302ed4184","hash":"5a8b058dfd7e8f09f2bab4562c5c31dbe870d8d5"}
}
